\BOOKMARK [1][-]{section.1}{\376\377\000I\000n\000t\000r\000o\000d\000u\000z\000i\000o\000n\000e}{}% 1
\BOOKMARK [2][-]{subsection.1.1}{\376\377\000S\000c\000o\000p\000o\000\040\000d\000e\000l\000\040\000d\000o\000c\000u\000m\000e\000n\000t\000o}{section.1}% 2
\BOOKMARK [2][-]{subsection.1.2}{\376\377\000S\000c\000o\000p\000o\000\040\000d\000e\000l\000\040\000p\000r\000o\000d\000o\000t\000t\000o}{section.1}% 3
\BOOKMARK [2][-]{subsection.1.3}{\376\377\000G\000l\000o\000s\000s\000a\000r\000i\000o}{section.1}% 4
\BOOKMARK [2][-]{subsection.1.4}{\376\377\000R\000i\000f\000e\000r\000i\000m\000e\000n\000t\000i}{section.1}% 5
\BOOKMARK [3][-]{subsubsection.1.4.1}{\376\377\000R\000i\000f\000e\000r\000i\000m\000e\000n\000t\000i\000\040\000n\000o\000r\000m\000a\000t\000i\000v\000i}{subsection.1.4}% 6
\BOOKMARK [3][-]{subsubsection.1.4.2}{\376\377\000R\000i\000f\000e\000r\000i\000m\000e\000n\000t\000i\000\040\000i\000n\000f\000o\000r\000m\000a\000t\000i\000v\000i}{subsection.1.4}% 7
\BOOKMARK [1][-]{section.2}{\376\377\000D\000e\000s\000c\000r\000i\000z\000i\000o\000n\000e}{}% 8
\BOOKMARK [2][-]{subsection.2.1}{\376\377\000O\000b\000i\000e\000t\000t\000i\000v\000i\000\040\000d\000e\000l\000\040\000p\000r\000o\000d\000o\000t\000t\000o}{section.2}% 9
\BOOKMARK [2][-]{subsection.2.2}{\376\377\000F\000u\000n\000z\000i\000o\000n\000i\000\040\000d\000e\000l\000\040\000p\000r\000o\000d\000o\000t\000t\000o}{section.2}% 10
\BOOKMARK [2][-]{subsection.2.3}{\376\377\000C\000a\000r\000a\000t\000t\000e\000r\000i\000s\000t\000i\000c\000h\000e\000\040\000d\000e\000l\000\040\000p\000r\000o\000d\000o\000t\000t\000o}{section.2}% 11
\BOOKMARK [2][-]{subsection.2.4}{\376\377\000U\000t\000e\000n\000t\000i}{section.2}% 12
\BOOKMARK [1][-]{section.3}{\376\377\000C\000a\000s\000i\000\040\000d\000'\000u\000s\000o}{}% 13
\BOOKMARK [2][-]{subsection.3.1}{\376\377\000I\000n\000t\000r\000o\000d\000u\000z\000i\000o\000n\000e}{section.3}% 14
\BOOKMARK [2][-]{subsection.3.2}{\376\377\000A\000t\000t\000o\000r\000i}{section.3}% 15
\BOOKMARK [3][-]{subsubsection.3.2.1}{\376\377\000A\000t\000t\000o\000r\000i\000\040\000p\000r\000i\000m\000a\000r\000i}{subsection.3.2}% 16
\BOOKMARK [2][-]{subsection.3.3}{\376\377\000E\000l\000e\000n\000c\000o\000\040\000d\000e\000i\000\040\000c\000a\000s\000i\000\040\000d\000'\000u\000s\000o}{section.3}% 17
\BOOKMARK [3][-]{uccounter.1}{\376\377\000U\000C\0001\000\040\000-\000\040\000S\000c\000e\000l\000t\000a\000\040\000c\000o\000m\000p\000o\000n\000e\000n\000t\000i\000\040\000d\000e\000l\000\040\000s\000i\000s\000t\000e\000m\000a}{subsection.3.3}% 18
\BOOKMARK [3][-]{subuccounter.1.1}{\376\377\000U\000C\0001\000.\0001\000\040\000-\000\040\000S\000c\000e\000l\000t\000a\000\040\000m\000o\000d\000e\000l\000l\000o\000\040\000L\000L\000M}{subsection.3.3}% 19
\BOOKMARK [3][-]{subuccounter.1.2}{\376\377\000U\000C\0001\000.\0002\000\040\000-\000\040\000S\000c\000e\000l\000t\000a\000\040\000v\000e\000c\000t\000o\000r\000\040\000d\000a\000t\000a\000b\000a\000s\000e}{subsection.3.3}% 20
\BOOKMARK [3][-]{subuccounter.1.3}{\376\377\000U\000C\0001\000.\0003\000\040\000-\000\040\000S\000c\000e\000l\000t\000a\000\040\000m\000o\000d\000e\000l\000l\000o\000\040\000d\000i\000\040\000e\000m\000b\000e\000d\000d\000i\000n\000g\000s}{subsection.3.3}% 21
\BOOKMARK [3][-]{subuccounter.1.4}{\376\377\000U\000C\0001\000.\0004\000\040\000-\000\040\000S\000c\000e\000l\000t\000a\000\040\000s\000i\000s\000t\000e\000m\000a\000\040\000d\000i\000\040\000a\000r\000c\000h\000i\000v\000i\000a\000z\000i\000o\000n\000e\000\040\000d\000e\000i\000\040\000d\000o\000c\000u\000m\000e\000n\000t\000i}{subsection.3.3}% 22
\BOOKMARK [3][-]{uccounter.2}{\376\377\000U\000C\0002\000\040\000-\000\040\000C\000a\000m\000b\000i\000o\000\040\000s\000c\000e\000l\000t\000a\000\040\000m\000o\000d\000e\000l\000l\000o\000\040\000L\000L\000M}{subsection.3.3}% 23
\BOOKMARK [3][-]{uccounter.3}{\376\377\000U\000C\0003\000\040\000-\000\040\000C\000a\000m\000b\000i\000o\000\040\000s\000c\000e\000l\000t\000a\000\040\000v\000e\000c\000t\000o\000r\000\040\000d\000a\000t\000a\000b\000a\000s\000e}{subsection.3.3}% 24
\BOOKMARK [3][-]{uccounter.4}{\376\377\000U\000C\0004\000\040\000-\000\040\000C\000a\000m\000b\000i\000o\000\040\000s\000c\000e\000l\000t\000a\000\040\000m\000o\000d\000e\000l\000l\000o\000\040\000d\000i\000\040\000e\000m\000b\000e\000d\000d\000i\000n\000g\000s}{subsection.3.3}% 25
\BOOKMARK [3][-]{uccounter.5}{\376\377\000U\000C\0005\000\040\000-\000\040\000C\000a\000m\000b\000i\000o\000\040\000s\000c\000e\000l\000t\000a\000\040\000s\000i\000s\000t\000e\000m\000a\000\040\000d\000i\000\040\000a\000r\000c\000h\000i\000v\000i\000a\000z\000i\000o\000n\000e\000\040\000d\000e\000i\000\040\000d\000o\000c\000u\000m\000e\000n\000t\000i}{subsection.3.3}% 26
\BOOKMARK [3][-]{uccounter.6}{\376\377\000U\000C\0006\000\040\000-\000\040\000V\000i\000s\000u\000a\000l\000i\000z\000z\000a\000z\000i\000o\000n\000e\000\040\000l\000i\000s\000t\000a\000\040\000m\000o\000d\000e\000l\000l\000i\000\040\000L\000L\000M\000\040\000d\000i\000s\000p\000o\000n\000i\000b\000i\000l\000i}{subsection.3.3}% 27
\BOOKMARK [3][-]{subuccounter.6.1}{\376\377\000U\000C\0006\000.\0001\000\040\000-\000\040\000V\000i\000s\000u\000a\000l\000i\000z\000z\000a\000z\000i\000o\000n\000e\000\040\000s\000i\000n\000g\000o\000l\000o\000\040\000m\000o\000d\000e\000l\000l\000o\000\040\000L\000L\000M\000\040\000i\000n\000\040\000l\000i\000s\000t\000a}{subsection.3.3}% 28
\BOOKMARK [3][-]{uccounter.7}{\376\377\000U\000C\0007\000\040\000-\000\040\000V\000i\000s\000u\000a\000l\000i\000z\000z\000a\000z\000i\000o\000n\000e\000\040\000c\000a\000r\000a\000t\000t\000e\000r\000i\000s\000t\000i\000c\000h\000e\000\040\000m\000o\000d\000e\000l\000l\000o\000\040\000L\000L\000M}{subsection.3.3}% 29
\BOOKMARK [3][-]{subuccounter.7.1}{\376\377\000U\000C\0007\000.\0001\000\040\000-\000\040\000V\000i\000s\000u\000a\000l\000i\000z\000z\000a\000z\000i\000o\000n\000e\000\040\000n\000o\000m\000e\000\040\000m\000o\000d\000e\000l\000l\000o\000\040\000L\000L\000M}{subsection.3.3}% 30
\BOOKMARK [3][-]{subuccounter.7.2}{\376\377\000U\000C\0007\000.\0002\000\040\000-\000\040\000V\000i\000s\000u\000a\000l\000i\000z\000z\000a\000z\000i\000o\000n\000e\000\040\000o\000r\000g\000a\000n\000i\000z\000z\000a\000z\000i\000o\000n\000e\000\040\000p\000r\000o\000p\000r\000i\000e\000t\000a\000r\000i\000a\000\040\000m\000o\000d\000e\000l\000l\000o\000\040\000L\000L\000M}{subsection.3.3}% 31
\BOOKMARK [3][-]{subuccounter.7.3}{\376\377\000U\000C\0007\000.\0003\000\040\000-\000\040\000V\000i\000s\000u\000a\000l\000i\000z\000z\000a\000z\000i\000o\000n\000e\000\040\000d\000e\000s\000c\000r\000i\000z\000i\000o\000n\000e\000\040\000m\000o\000d\000e\000l\000l\000o\000\040\000L\000L\000M}{subsection.3.3}% 32
\BOOKMARK [3][-]{subuccounter.7.4}{\376\377\000U\000C\0007\000.\0004\000\040\000-\000\040\000V\000i\000s\000u\000a\000l\000i\000z\000z\000a\000z\000i\000o\000n\000e\000\040\000t\000i\000p\000o\000l\000o\000g\000i\000a\000\040\000m\000o\000d\000e\000l\000l\000o\000\040\000L\000L\000M}{subsection.3.3}% 33
\BOOKMARK [3][-]{subuccounter.7.5}{\376\377\000U\000C\0007\000.\0005\000\040\000-\000\040\000V\000i\000s\000u\000a\000l\000i\000z\000z\000a\000z\000i\000o\000n\000e\000\040\000i\000n\000d\000i\000c\000a\000t\000o\000r\000e\000\040\000c\000o\000s\000t\000i\000\040\000m\000o\000d\000e\000l\000l\000o\000\040\000L\000L\000M}{subsection.3.3}% 34
\BOOKMARK [3][-]{uccounter.8}{\376\377\000U\000C\0008\000\040\000-\000\040\000V\000i\000s\000u\000a\000l\000i\000z\000z\000a\000z\000i\000o\000n\000e\000\040\000l\000i\000s\000t\000a\000\040\000v\000e\000c\000t\000o\000r\000\040\000d\000a\000t\000a\000b\000a\000s\000e\000\040\000d\000i\000s\000p\000o\000n\000i\000b\000i\000l\000i}{subsection.3.3}% 35
\BOOKMARK [3][-]{subuccounter.8.1}{\376\377\000U\000C\0008\000.\0001\000\040\000-\000\040\000V\000i\000s\000u\000a\000l\000i\000z\000z\000a\000z\000i\000o\000n\000e\000\040\000s\000i\000n\000g\000o\000l\000o\000\040\000v\000e\000c\000t\000o\000r\000\040\000d\000a\000t\000a\000b\000a\000s\000e\000\040\000i\000n\000\040\000l\000i\000s\000t\000a}{subsection.3.3}% 36
\BOOKMARK [3][-]{uccounter.9}{\376\377\000U\000C\0009\000\040\000-\000\040\000V\000i\000s\000u\000a\000l\000i\000z\000z\000a\000z\000i\000o\000n\000e\000\040\000c\000a\000r\000a\000t\000t\000e\000r\000i\000s\000t\000i\000c\000h\000e\000\040\000v\000e\000c\000t\000o\000r\000\040\000d\000a\000t\000a\000b\000a\000s\000e}{subsection.3.3}% 37
\BOOKMARK [3][-]{subuccounter.9.1}{\376\377\000U\000C\0009\000.\0001\000\040\000-\000\040\000V\000i\000s\000u\000a\000l\000i\000z\000z\000a\000z\000i\000o\000n\000e\000\040\000n\000o\000m\000e\000\040\000v\000e\000c\000t\000o\000r\000\040\000d\000a\000t\000a\000b\000a\000s\000e}{subsection.3.3}% 38
\BOOKMARK [3][-]{subuccounter.9.2}{\376\377\000U\000C\0009\000.\0002\000\040\000-\000\040\000V\000i\000s\000u\000a\000l\000i\000z\000z\000a\000z\000i\000o\000n\000e\000\040\000o\000r\000g\000a\000n\000i\000z\000z\000a\000z\000i\000o\000n\000e\000\040\000p\000r\000o\000p\000r\000i\000e\000t\000a\000r\000i\000a\000\040\000v\000e\000c\000t\000o\000r\000\040\000d\000a\000t\000a\000b\000a\000s\000e}{subsection.3.3}% 39
\BOOKMARK [3][-]{subuccounter.9.3}{\376\377\000U\000C\0009\000.\0003\000\040\000-\000\040\000V\000i\000s\000u\000a\000l\000i\000z\000z\000a\000z\000i\000o\000n\000e\000\040\000d\000e\000s\000c\000r\000i\000z\000i\000o\000n\000e\000\040\000v\000e\000c\000t\000o\000r\000\040\000d\000a\000t\000a\000b\000a\000s\000e}{subsection.3.3}% 40
\BOOKMARK [3][-]{subuccounter.9.4}{\376\377\000U\000C\0009\000.\0004\000\040\000-\000\040\000V\000i\000s\000u\000a\000l\000i\000z\000z\000a\000z\000i\000o\000n\000e\000\040\000t\000i\000p\000o\000l\000o\000g\000i\000a\000\040\000v\000e\000c\000t\000o\000r\000\040\000d\000a\000t\000a\000b\000a\000s\000e}{subsection.3.3}% 41
\BOOKMARK [3][-]{subuccounter.9.5}{\376\377\000U\000C\0009\000.\0005\000\040\000-\000\040\000V\000i\000s\000u\000a\000l\000i\000z\000z\000a\000z\000i\000o\000n\000e\000\040\000i\000n\000d\000i\000c\000a\000t\000o\000r\000e\000\040\000c\000o\000s\000t\000i\000\040\000v\000e\000c\000t\000o\000r\000\040\000d\000a\000t\000a\000b\000a\000s\000e}{subsection.3.3}% 42
\BOOKMARK [3][-]{uccounter.10}{\376\377\000U\000C\0001\0000\000\040\000-\000\040\000V\000i\000s\000u\000a\000l\000i\000z\000z\000a\000z\000i\000o\000n\000e\000\040\000l\000i\000s\000t\000a\000\040\000m\000o\000d\000e\000l\000l\000i\000\040\000d\000i\000\040\000e\000m\000b\000e\000d\000d\000i\000n\000g\000s\000\040\000d\000i\000s\000p\000o\000n\000i\000b\000i\000l\000i}{subsection.3.3}% 43
\BOOKMARK [3][-]{subuccounter.10.1}{\376\377\000U\000C\0001\0000\000.\0001\000\040\000-\000\040\000V\000i\000s\000u\000a\000l\000i\000z\000z\000a\000z\000i\000o\000n\000e\000\040\000s\000i\000n\000g\000o\000l\000o\000\040\000m\000o\000d\000e\000l\000l\000o\000\040\000d\000i\000\040\000e\000m\000b\000e\000d\000d\000i\000n\000g\000s\000\040\000i\000n\000\040\000l\000i\000s\000t\000a}{subsection.3.3}% 44
\BOOKMARK [3][-]{uccounter.11}{\376\377\000U\000C\0001\0001\000\040\000-\000\040\000V\000i\000s\000u\000a\000l\000i\000z\000z\000a\000z\000i\000o\000n\000e\000\040\000c\000a\000r\000a\000t\000t\000e\000r\000i\000s\000t\000i\000c\000h\000e\000\040\000m\000o\000d\000e\000l\000l\000o\000\040\000d\000i\000\040\000e\000m\000b\000e\000d\000d\000i\000n\000g\000s}{subsection.3.3}% 45
\BOOKMARK [3][-]{subuccounter.11.1}{\376\377\000U\000C\0001\0001\000.\0001\000\040\000-\000\040\000V\000i\000s\000u\000a\000l\000i\000z\000z\000a\000z\000i\000o\000n\000e\000\040\000n\000o\000m\000e\000\040\000m\000o\000d\000e\000l\000l\000o\000\040\000d\000i\000\040\000e\000m\000b\000e\000d\000d\000i\000n\000g\000s}{subsection.3.3}% 46
\BOOKMARK [3][-]{subuccounter.11.2}{\376\377\000U\000C\0001\0001\000.\0002\000\040\000-\000\040\000V\000i\000s\000u\000a\000l\000i\000z\000z\000a\000z\000i\000o\000n\000e\000\040\000o\000r\000g\000a\000n\000i\000z\000z\000a\000z\000i\000o\000n\000e\000\040\000p\000r\000o\000p\000r\000i\000e\000t\000a\000r\000i\000a\000\040\000m\000o\000d\000e\000l\000l\000o\000\040\000d\000i\000\040\000e\000m\000b\000e\000d\000d\000i\000n\000g\000s}{subsection.3.3}% 47
\BOOKMARK [3][-]{subuccounter.11.3}{\376\377\000U\000C\0001\0001\000.\0003\000\040\000-\000\040\000V\000i\000s\000u\000a\000l\000i\000z\000z\000a\000z\000i\000o\000n\000e\000\040\000d\000e\000s\000c\000r\000i\000z\000i\000o\000n\000e\000\040\000m\000o\000d\000e\000l\000l\000o\000\040\000d\000i\000\040\000e\000m\000b\000e\000d\000d\000i\000n\000g\000s}{subsection.3.3}% 48
\BOOKMARK [3][-]{subuccounter.11.4}{\376\377\000U\000C\0001\0001\000.\0004\000\040\000-\000\040\000V\000i\000s\000u\000a\000l\000i\000z\000z\000a\000z\000i\000o\000n\000e\000\040\000t\000i\000p\000o\000l\000o\000g\000i\000a\000\040\000m\000o\000d\000e\000l\000l\000o\000\040\000d\000i\000\040\000e\000m\000b\000e\000d\000d\000i\000n\000g\000s}{subsection.3.3}% 49
\BOOKMARK [3][-]{subuccounter.11.5}{\376\377\000U\000C\0001\0001\000.\0005\000\040\000-\000\040\000V\000i\000s\000u\000a\000l\000i\000z\000z\000a\000z\000i\000o\000n\000e\000\040\000i\000n\000d\000i\000c\000a\000t\000o\000r\000e\000\040\000c\000o\000s\000t\000i\000\040\000m\000o\000d\000e\000l\000l\000o\000\040\000d\000i\000\040\000e\000m\000b\000e\000d\000d\000i\000n\000g\000s}{subsection.3.3}% 50
\BOOKMARK [3][-]{uccounter.12}{\376\377\000U\000C\0001\0002\000\040\000-\000\040\000V\000i\000s\000u\000a\000l\000i\000z\000z\000a\000z\000i\000o\000n\000e\000\040\000l\000i\000s\000t\000a\000\040\000s\000i\000s\000t\000e\000m\000i\000\040\000d\000i\000\040\000a\000r\000c\000h\000i\000v\000i\000a\000z\000i\000o\000n\000e\000\040\000d\000o\000c\000u\000m\000e\000n\000t\000i\000\040\000d\000i\000s\000p\000o\000n\000i\000b\000i\000l\000i}{subsection.3.3}% 51
\BOOKMARK [3][-]{subuccounter.12.1}{\376\377\000U\000C\0001\0002\000.\0001\000\040\000-\000\040\000V\000i\000s\000u\000a\000l\000i\000z\000z\000a\000z\000i\000o\000n\000e\000\040\000s\000i\000n\000g\000o\000l\000o\000\040\000s\000i\000s\000t\000e\000m\000a\000\040\000d\000i\000\040\000a\000r\000c\000h\000i\000v\000i\000a\000z\000i\000o\000n\000e\000\040\000d\000o\000c\000u\000m\000e\000n\000t\000i\000\040\000i\000n\000\040\000l\000i\000s\000t\000a}{subsection.3.3}% 52
\BOOKMARK [3][-]{uccounter.13}{\376\377\000U\000C\0001\0003\000\040\000-\000\040\000V\000i\000s\000u\000a\000l\000i\000z\000z\000a\000z\000i\000o\000n\000e\000\040\000c\000a\000r\000a\000t\000t\000e\000r\000i\000s\000t\000i\000c\000h\000e\000\040\000s\000i\000s\000t\000e\000m\000a\000\040\000d\000i\000\040\000a\000r\000c\000h\000i\000v\000i\000a\000z\000i\000o\000n\000e}{subsection.3.3}% 53
\BOOKMARK [3][-]{subuccounter.13.1}{\376\377\000U\000C\0001\0003\000.\0001\000\040\000-\000\040\000V\000i\000s\000u\000a\000l\000i\000z\000z\000a\000z\000i\000o\000n\000e\000\040\000n\000o\000m\000e\000\040\000s\000i\000s\000t\000e\000m\000a\000\040\000d\000i\000\040\000a\000r\000c\000h\000i\000v\000i\000a\000z\000i\000o\000n\000e}{subsection.3.3}% 54
\BOOKMARK [3][-]{subuccounter.13.2}{\376\377\000U\000C\0001\0003\000.\0002\000\040\000-\000\040\000V\000i\000s\000u\000a\000l\000i\000z\000z\000a\000z\000i\000o\000n\000e\000\040\000o\000r\000g\000a\000n\000i\000z\000z\000a\000z\000i\000o\000n\000e\000\040\000p\000r\000o\000p\000r\000i\000e\000t\000a\000r\000i\000a\000\040\000s\000i\000s\000t\000e\000m\000a\000\040\000d\000i\000\040\000a\000r\000c\000h\000i\000v\000i\000a\000z\000i\000o\000n\000e}{subsection.3.3}% 55
\BOOKMARK [3][-]{subuccounter.13.3}{\376\377\000U\000C\0001\0003\000.\0003\000\040\000-\000\040\000V\000i\000s\000u\000a\000l\000i\000z\000z\000a\000z\000i\000o\000n\000e\000\040\000d\000e\000s\000c\000r\000i\000z\000i\000o\000n\000e\000\040\000s\000i\000s\000t\000e\000m\000a\000\040\000d\000i\000\040\000a\000r\000c\000h\000i\000v\000i\000a\000z\000i\000o\000n\000e}{subsection.3.3}% 56
\BOOKMARK [3][-]{subuccounter.13.4}{\376\377\000U\000C\0001\0003\000.\0004\000\040\000-\000\040\000V\000i\000s\000u\000a\000l\000i\000z\000z\000a\000z\000i\000o\000n\000e\000\040\000t\000i\000p\000o\000l\000o\000g\000i\000a\000\040\000s\000i\000s\000t\000e\000m\000a\000\040\000d\000i\000\040\000a\000r\000c\000h\000i\000v\000i\000a\000z\000i\000o\000n\000e}{subsection.3.3}% 57
\BOOKMARK [3][-]{subuccounter.13.5}{\376\377\000U\000C\0001\0003\000.\0005\000\040\000-\000\040\000V\000i\000s\000u\000a\000l\000i\000z\000z\000a\000z\000i\000o\000n\000e\000\040\000i\000n\000d\000i\000c\000a\000t\000o\000r\000e\000\040\000c\000o\000s\000t\000i\000\040\000s\000i\000s\000t\000e\000m\000a\000\040\000d\000i\000\040\000a\000r\000c\000h\000i\000v\000i\000a\000z\000i\000o\000n\000e}{subsection.3.3}% 58
\BOOKMARK [3][-]{uccounter.14}{\376\377\000U\000C\0001\0004\000\040\000-\000\040\000V\000i\000s\000u\000a\000l\000i\000z\000z\000a\000z\000i\000o\000n\000e\000\040\000c\000o\000n\000f\000i\000g\000u\000r\000a\000z\000i\000o\000n\000e\000\040\000a\000t\000t\000u\000a\000l\000e\000\040\000u\000t\000e\000n\000t\000e}{subsection.3.3}% 59
\BOOKMARK [3][-]{subuccounter.14.1}{\376\377\000U\000C\0001\0004\000.\0001\000\040\000-\000\040\000V\000i\000s\000u\000a\000l\000i\000z\000z\000a\000z\000i\000o\000n\000e\000\040\000c\000o\000n\000f\000i\000g\000u\000r\000a\000z\000i\000o\000n\000e\000\040\000a\000t\000t\000u\000a\000l\000e\000\040\000m\000o\000d\000e\000l\000l\000o\000\040\000L\000L\000M\000\040\000a\000t\000t\000u\000a\000l\000e}{subsection.3.3}% 60
\BOOKMARK [3][-]{subuccounter.14.2}{\376\377\000U\000C\0001\0004\000.\0002\000\040\000-\000\040\000V\000i\000s\000u\000a\000l\000i\000z\000z\000a\000z\000i\000o\000n\000e\000\040\000c\000o\000n\000f\000i\000g\000u\000r\000a\000z\000i\000o\000n\000e\000\040\000v\000e\000c\000t\000o\000r\000\040\000d\000a\000t\000a\000b\000a\000s\000e\000\040\000a\000t\000t\000u\000a\000l\000e}{subsection.3.3}% 61
\BOOKMARK [3][-]{subuccounter.14.3}{\376\377\000U\000C\0001\0004\000.\0003\000\040\000-\000\040\000V\000i\000s\000u\000a\000l\000i\000z\000z\000a\000z\000i\000o\000n\000e\000\040\000c\000o\000n\000f\000i\000g\000u\000r\000a\000z\000i\000o\000n\000e\000\040\000m\000o\000d\000e\000l\000l\000o\000\040\000d\000i\000\040\000e\000m\000b\000e\000d\000d\000i\000n\000g\000s\000\040\000a\000t\000t\000u\000a\000l\000e}{subsection.3.3}% 62
\BOOKMARK [3][-]{subuccounter.14.4}{\376\377\000U\000C\0001\0004\000.\0004\000\040\000-\000\040\000V\000i\000s\000u\000a\000l\000i\000z\000z\000a\000z\000i\000o\000n\000e\000\040\000c\000o\000n\000f\000i\000g\000u\000r\000a\000z\000i\000o\000n\000e\000\040\000s\000i\000s\000t\000e\000m\000a\000\040\000d\000i\000\040\000a\000r\000c\000h\000i\000v\000i\000a\000z\000i\000o\000n\000e\000\040\000d\000o\000c\000u\000m\000e\000n\000t\000i}{subsection.3.3}% 63
\BOOKMARK [3][-]{uccounter.15}{\376\377\000U\000C\0001\0005\000\040\000-\000\040\000V\000i\000s\000u\000a\000l\000i\000z\000z\000a\000z\000i\000o\000n\000e\000\040\000l\000i\000s\000t\000a\000\040\000d\000o\000c\000u\000m\000e\000n\000t\000i\000\040\000c\000a\000r\000i\000c\000a\000t\000i}{subsection.3.3}% 64
\BOOKMARK [3][-]{subuccounter.15.1}{\376\377\000U\000C\0001\0005\000.\0001\000\040\000-\000\040\000V\000i\000s\000u\000a\000l\000i\000z\000z\000a\000z\000i\000o\000n\000e\000\040\000s\000i\000n\000g\000o\000l\000o\000\040\000d\000o\000c\000u\000m\000e\000n\000t\000o\000\040\000i\000n\000\040\000l\000i\000s\000t\000a}{subsection.3.3}% 65
\BOOKMARK [3][-]{subsubuccounter.15.1.1}{\376\377\000U\000C\0001\0005\000.\0001\000.\0001\000\040\000-\000\040\000V\000i\000s\000u\000a\000l\000i\000z\000z\000a\000z\000i\000o\000n\000e\000\040\000t\000i\000t\000o\000l\000o\000\040\000s\000i\000n\000g\000o\000l\000o\000\040\000d\000o\000c\000u\000m\000e\000n\000t\000o}{subsection.3.3}% 66
\BOOKMARK [3][-]{subsubuccounter.15.1.2}{\376\377\000U\000C\0001\0005\000.\0001\000.\0002\000\040\000-\000\040\000V\000i\000s\000u\000a\000l\000i\000z\000z\000a\000z\000i\000o\000n\000e\000\040\000d\000i\000m\000e\000n\000s\000i\000o\000n\000i\000\040\000s\000i\000n\000g\000o\000l\000o\000\040\000d\000o\000c\000u\000m\000e\000n\000t\000o}{subsection.3.3}% 67
\BOOKMARK [3][-]{subsubuccounter.15.1.3}{\376\377\000U\000C\0001\0005\000.\0001\000.\0003\000\040\000-\000\040\000V\000i\000s\000u\000a\000l\000i\000z\000z\000a\000z\000i\000o\000n\000e\000\040\000d\000a\000t\000a\000\040\000d\000i\000\040\000c\000a\000r\000i\000c\000a\000m\000e\000n\000t\000o\000\040\000s\000i\000n\000g\000o\000l\000o\000\040\000d\000o\000c\000u\000m\000e\000n\000t\000o}{subsection.3.3}% 68
\BOOKMARK [3][-]{subsubuccounter.15.1.4}{\376\377\000U\000C\0001\0005\000.\0001\000.\0004\000\040\000-\000\040\000V\000i\000s\000u\000a\000l\000i\000z\000z\000a\000z\000i\000o\000n\000e\000\040\000i\000n\000d\000i\000c\000a\000t\000o\000r\000e\000\040\000d\000i\000\040\000o\000c\000c\000u\000l\000t\000a\000m\000e\000n\000t\000o\000\040\000s\000i\000n\000g\000o\000l\000o\000\040\000d\000o\000c\000u\000m\000e\000n\000t\000o}{subsection.3.3}% 69
\BOOKMARK [3][-]{uccounter.16}{\376\377\000U\000C\0001\0006\000\040\000-\000\040\000C\000a\000r\000i\000c\000a\000m\000e\000n\000t\000o\000\040\000d\000o\000c\000u\000m\000e\000n\000t\000o\000\040\000i\000n\000\040\000a\000r\000e\000a\000\040\000d\000i\000\040\000s\000t\000a\000g\000i\000n\000g}{subsection.3.3}% 70
\BOOKMARK [3][-]{uccounter.17}{\376\377\000U\000C\0001\0007\000\040\000-\000\040\000C\000a\000r\000i\000c\000a\000m\000e\000n\000t\000o\000\040\000d\000o\000c\000u\000m\000e\000n\000t\000i\000\040\000i\000n\000\040\000a\000r\000e\000a\000\040\000d\000i\000\040\000s\000t\000a\000g\000i\000n\000g}{subsection.3.3}% 71
\BOOKMARK [3][-]{uccounter.18}{\376\377\000U\000C\0001\0008\000\040\000-\000\040\000V\000i\000s\000u\000a\000l\000i\000z\000z\000a\000z\000i\000o\000n\000e\000\040\000e\000r\000r\000o\000r\000e\000\040\000f\000o\000r\000m\000a\000t\000o\000\040\000e\000r\000r\000a\000t\000o}{subsection.3.3}% 72
\BOOKMARK [3][-]{uccounter.19}{\376\377\000U\000C\0001\0009\000\040\000-\000\040\000R\000i\000m\000o\000z\000i\000o\000n\000e\000\040\000d\000o\000c\000u\000m\000e\000n\000t\000o\000\040\000d\000a\000\040\000a\000r\000e\000a\000\040\000d\000i\000\040\000s\000t\000a\000g\000i\000n\000g}{subsection.3.3}% 73
\BOOKMARK [3][-]{uccounter.20}{\376\377\000U\000C\0002\0000\000\040\000-\000\040\000R\000i\000m\000o\000z\000i\000o\000n\000e\000\040\000d\000o\000c\000u\000m\000e\000n\000t\000i\000\040\000d\000a\000\040\000a\000r\000e\000a\000\040\000d\000i\000\040\000s\000t\000a\000g\000i\000n\000g}{subsection.3.3}% 74
\BOOKMARK [3][-]{uccounter.21}{\376\377\000U\000C\0002\0001\000\040\000-\000\040\000U\000p\000l\000o\000a\000d\000\040\000n\000u\000o\000v\000o\000\040\000d\000o\000c\000u\000m\000e\000n\000t\000o}{subsection.3.3}% 75
\BOOKMARK [3][-]{uccounter.22}{\376\377\000U\000C\0002\0002\000\040\000-\000\040\000U\000p\000l\000o\000a\000d\000\040\000n\000u\000o\000v\000i\000\040\000d\000o\000c\000u\000m\000e\000n\000t\000i}{subsection.3.3}% 76
\BOOKMARK [3][-]{uccounter.23}{\376\377\000U\000C\0002\0003\000\040\000-\000\040\000S\000o\000s\000t\000i\000t\000u\000z\000i\000o\000n\000e\000\040\000d\000o\000c\000u\000m\000e\000n\000t\000o}{subsection.3.3}% 77
\BOOKMARK [3][-]{uccounter.24}{\376\377\000U\000C\0002\0004\000\040\000-\000\040\000S\000o\000s\000t\000i\000t\000u\000z\000i\000o\000n\000e\000\040\000d\000o\000c\000u\000m\000e\000n\000t\000i}{subsection.3.3}% 78
\BOOKMARK [3][-]{uccounter.25}{\376\377\000U\000C\0002\0005\000\040\000-\000\040\000V\000i\000s\000u\000a\000l\000i\000z\000z\000a\000z\000i\000o\000n\000e\000\040\000c\000o\000n\000t\000e\000n\000u\000t\000o\000\040\000d\000o\000c\000u\000m\000e\000n\000t\000o}{subsection.3.3}% 79
\BOOKMARK [3][-]{uccounter.26}{\376\377\000U\000C\0002\0006\000\040\000-\000\040\000E\000l\000i\000m\000i\000n\000a\000z\000i\000o\000n\000e\000\040\000d\000o\000c\000u\000m\000e\000n\000t\000o}{subsection.3.3}% 80
\BOOKMARK [3][-]{uccounter.27}{\376\377\000U\000C\0002\0007\000\040\000-\000\040\000E\000l\000i\000m\000i\000n\000a\000z\000i\000o\000n\000e\000\040\000d\000o\000c\000u\000m\000e\000n\000t\000i}{subsection.3.3}% 81
\BOOKMARK [3][-]{uccounter.28}{\376\377\000U\000C\0002\0008\000\040\000-\000\040\000O\000c\000c\000u\000l\000t\000a\000m\000e\000n\000t\000o\000\040\000d\000o\000c\000u\000m\000e\000n\000t\000o}{subsection.3.3}% 82
\BOOKMARK [3][-]{uccounter.29}{\376\377\000U\000C\0002\0009\000\040\000-\000\040\000O\000c\000c\000u\000l\000t\000a\000m\000e\000n\000t\000o\000\040\000d\000o\000c\000u\000m\000e\000n\000t\000i}{subsection.3.3}% 83
\BOOKMARK [3][-]{uccounter.30}{\376\377\000U\000C\0003\0000\000\040\000-\000\040\000R\000i\000a\000b\000i\000l\000i\000t\000a\000z\000i\000o\000n\000e\000\040\000d\000o\000c\000u\000m\000e\000n\000t\000o}{subsection.3.3}% 84
\BOOKMARK [3][-]{uccounter.31}{\376\377\000U\000C\0003\0001\000\040\000-\000\040\000R\000i\000a\000b\000i\000l\000i\000t\000a\000z\000i\000o\000n\000e\000\040\000d\000o\000c\000u\000m\000e\000n\000t\000i}{subsection.3.3}% 85
\BOOKMARK [3][-]{uccounter.32}{\376\377\000U\000C\0003\0002\000\040\000-\000\040\000R\000i\000c\000e\000r\000c\000a\000\040\000d\000o\000c\000u\000m\000e\000n\000t\000i}{subsection.3.3}% 86
\BOOKMARK [3][-]{uccounter.33}{\376\377\000U\000C\0003\0003\000\040\000-\000\040\000V\000i\000s\000u\000a\000l\000i\000z\000z\000a\000z\000i\000o\000n\000e\000\040\000l\000i\000s\000t\000a\000\040\000c\000h\000a\000t}{subsection.3.3}% 87
\BOOKMARK [3][-]{subuccounter.33.1}{\376\377\000U\000C\0003\0003\000.\0001\000\040\000-\000\040\000V\000i\000s\000u\000a\000l\000i\000z\000z\000a\000z\000i\000o\000n\000e\000\040\000s\000i\000n\000g\000o\000l\000a\000\040\000c\000h\000a\000t\000\040\000i\000n\000\040\000l\000i\000s\000t\000a}{subsection.3.3}% 88
\BOOKMARK [3][-]{subsubuccounter.33.1.1}{\376\377\000U\000C\0003\0003\000.\0001\000.\0001\000\040\000-\000\040\000V\000i\000s\000u\000a\000l\000i\000z\000z\000a\000z\000i\000o\000n\000e\000\040\000t\000i\000t\000o\000l\000o\000\040\000s\000i\000n\000g\000o\000l\000a\000\040\000c\000h\000a\000t\000\040\000i\000n\000\040\000l\000i\000s\000t\000a}{subsection.3.3}% 89
\BOOKMARK [3][-]{subsubuccounter.33.1.2}{\376\377\000U\000C\0003\0003\000.\0001\000.\0002\000\040\000-\000\040\000V\000i\000s\000u\000a\000l\000i\000z\000z\000a\000z\000i\000o\000n\000e\000\040\000t\000i\000m\000e\000s\000t\000a\000m\000p\000\040\000u\000l\000t\000i\000m\000o\000\040\000m\000e\000s\000s\000a\000g\000g\000i\000o\000\040\000s\000i\000n\000g\000o\000l\000a\000\040\000c\000h\000a\000t\000\040\000i\000n\000\040\000l\000i\000s\000t\000a}{subsection.3.3}% 90
\BOOKMARK [3][-]{uccounter.34}{\376\377\000U\000C\0003\0004\000\040\000-\000\040\000C\000r\000e\000a\000z\000i\000o\000n\000e\000\040\000n\000u\000o\000v\000a\000\040\000c\000h\000a\000t}{subsection.3.3}% 91
\BOOKMARK [3][-]{uccounter.35}{\376\377\000U\000C\0003\0005\000\040\000-\000\040\000V\000i\000s\000u\000a\000l\000i\000z\000z\000a\000z\000i\000o\000n\000e\000\040\000e\000r\000r\000o\000r\000e\000\040\000c\000h\000a\000t\000\040\000v\000u\000o\000t\000a\000\040\000e\000s\000i\000s\000t\000e\000n\000t\000e}{subsection.3.3}% 92
\BOOKMARK [3][-]{uccounter.36}{\376\377\000U\000C\0003\0006\000\040\000-\000\040\000E\000l\000i\000m\000i\000n\000a\000z\000i\000o\000n\000e\000\040\000c\000h\000a\000t}{subsection.3.3}% 93
\BOOKMARK [3][-]{uccounter.37}{\376\377\000U\000C\0003\0007\000\040\000-\000\040\000E\000l\000i\000m\000i\000n\000a\000z\000i\000o\000n\000e\000\040\000m\000u\000l\000t\000i\000p\000l\000a\000\040\000c\000h\000a\000t}{subsection.3.3}% 94
\BOOKMARK [3][-]{uccounter.38}{\376\377\000U\000C\0003\0008\000\040\000-\000\040\000R\000i\000n\000o\000m\000i\000n\000a\000z\000i\000o\000n\000e\000\040\000c\000h\000a\000t}{subsection.3.3}% 95
\BOOKMARK [3][-]{uccounter.39}{\376\377\000U\000C\0003\0009\000\040\000-\000\040\000V\000i\000s\000u\000a\000l\000i\000z\000z\000a\000z\000i\000o\000n\000e\000\040\000e\000r\000r\000o\000r\000e\000\040\000i\000n\000s\000e\000r\000i\000m\000e\000n\000t\000o\000\040\000t\000i\000t\000o\000l\000o\000\040\000u\000g\000u\000a\000l\000e\000\040\000a\000d\000\040\000u\000n\040\031\000a\000l\000t\000r\000a\000\040\000c\000h\000a\000t}{subsection.3.3}% 96
\BOOKMARK [3][-]{uccounter.40}{\376\377\000U\000C\0004\0000\000\040\000-\000\040\000V\000i\000s\000u\000a\000l\000i\000z\000z\000a\000z\000i\000o\000n\000e\000\040\000e\000r\000r\000o\000r\000e\000\040\000i\000n\000s\000e\000r\000i\000m\000e\000n\000t\000o\000\040\000t\000i\000t\000o\000l\000o\000\040\000v\000u\000o\000t\000o}{subsection.3.3}% 97
\BOOKMARK [3][-]{uccounter.41}{\376\377\000U\000C\0004\0001\000\040\000-\000\040\000R\000i\000c\000e\000r\000c\000a\000\040\000c\000h\000a\000t}{subsection.3.3}% 98
\BOOKMARK [3][-]{uccounter.42}{\376\377\000U\000C\0004\0002\000\040\000-\000\040\000V\000i\000s\000u\000a\000l\000i\000z\000z\000a\000z\000i\000o\000n\000e\000\040\000c\000o\000n\000t\000e\000n\000u\000t\000o\000\040\000c\000h\000a\000t}{subsection.3.3}% 99
\BOOKMARK [3][-]{subuccounter.42.1}{\376\377\000U\000C\0004\0002\000.\0001\000\040\000-\000\040\000V\000i\000s\000u\000a\000l\000i\000z\000z\000a\000z\000i\000o\000n\000e\000\040\000s\000i\000n\000g\000o\000l\000o\000\040\000m\000e\000s\000s\000a\000g\000g\000i\000o\000\040\000i\000n\000\040\000c\000h\000a\000t}{subsection.3.3}% 100
\BOOKMARK [3][-]{subsubuccounter.42.1.1}{\376\377\000U\000C\0004\0002\000.\0001\000.\0001\000\040\000-\000\040\000V\000i\000s\000u\000a\000l\000i\000z\000z\000a\000z\000i\000o\000n\000e\000\040\000c\000o\000n\000t\000e\000n\000u\000t\000o\000\040\000t\000e\000s\000t\000u\000a\000l\000e\000\040\000s\000i\000n\000g\000o\000l\000o\000\040\000m\000e\000s\000s\000a\000g\000g\000i\000o\000\040\000i\000n\000\040\000c\000h\000a\000t}{subsection.3.3}% 101
\BOOKMARK [3][-]{subsubuccounter.42.1.2}{\376\377\000U\000C\0004\0002\000.\0001\000.\0002\000\040\000-\000\040\000V\000i\000s\000u\000a\000l\000i\000z\000z\000a\000z\000i\000o\000n\000e\000\040\000o\000r\000a\000r\000i\000o\000\040\000s\000i\000n\000g\000o\000l\000o\000\040\000m\000e\000s\000s\000a\000g\000g\000i\000o\000\040\000i\000n\000\040\000c\000h\000a\000t}{subsection.3.3}% 102
\BOOKMARK [3][-]{uccounter.43}{\376\377\000U\000C\0004\0003\000\040\000-\000\040\000V\000i\000s\000u\000a\000l\000i\000z\000z\000a\000z\000i\000o\000n\000e\000\040\000d\000o\000c\000u\000m\000e\000n\000t\000i\000\040\000p\000e\000r\000t\000i\000n\000e\000n\000t\000i}{subsection.3.3}% 103
\BOOKMARK [3][-]{uccounter.44}{\376\377\000U\000C\0004\0004\000\040\000-\000\040\000V\000i\000s\000u\000a\000l\000i\000z\000z\000a\000z\000i\000o\000n\000e\000\040\000d\000o\000m\000a\000n\000d\000e\000\040\000s\000u\000g\000g\000e\000r\000i\000t\000e}{subsection.3.3}% 104
\BOOKMARK [3][-]{uccounter.45}{\376\377\000U\000C\0004\0005\000\040\000-\000\040\000I\000n\000v\000i\000o\000\040\000d\000o\000m\000a\000n\000d\000a\000\040\000s\000u\000g\000g\000e\000r\000i\000t\000a}{subsection.3.3}% 105
\BOOKMARK [3][-]{uccounter.46}{\376\377\000U\000C\0004\0006\000\040\000-\000\040\000L\000e\000t\000t\000u\000r\000a\000\040\000v\000o\000c\000a\000l\000e\000\040\000m\000e\000s\000s\000a\000g\000g\000i\000o}{subsection.3.3}% 106
\BOOKMARK [3][-]{uccounter.47}{\376\377\000U\000C\0004\0007\000\040\000-\000\040\000C\000o\000p\000i\000a\000\040\000m\000e\000s\000s\000a\000g\000g\000i\000o}{subsection.3.3}% 107
\BOOKMARK [3][-]{uccounter.48}{\376\377\000U\000C\0004\0008\000\040\000-\000\040\000A\000t\000t\000i\000v\000a\000z\000i\000o\000n\000e\000\040\000m\000o\000d\000a\000l\000i\000t\000\340\000\040\000v\000o\000c\000a\000l\000e}{subsection.3.3}% 108
\BOOKMARK [3][-]{uccounter.49}{\376\377\000U\000C\0004\0009\000\040\000-\000\040\000D\000i\000s\000a\000t\000t\000i\000v\000a\000z\000i\000o\000n\000e\000\040\000m\000o\000d\000a\000l\000i\000t\000\340\000\040\000v\000o\000c\000a\000l\000e}{subsection.3.3}% 109
\BOOKMARK [3][-]{uccounter.50}{\376\377\000U\000C\0005\0000\000\040\000-\000\040\000I\000n\000v\000i\000o\000\040\000m\000e\000s\000s\000a\000g\000g\000i\000o}{subsection.3.3}% 110
\BOOKMARK [3][-]{uccounter.51}{\376\377\000U\000C\0005\0001\000\040\000-\000\040\000I\000n\000s\000e\000r\000i\000m\000e\000n\000t\000o\000\040\000m\000e\000s\000s\000a\000g\000g\000i\000o}{subsection.3.3}% 111
\BOOKMARK [3][-]{subuccounter.51.1}{\376\377\000U\000C\0005\0001\000.\0001\000\040\000-\000\040\000I\000n\000s\000e\000r\000i\000m\000e\000n\000t\000o\000\040\000m\000e\000s\000s\000a\000g\000g\000i\000o\000\040\000t\000e\000s\000t\000u\000a\000l\000e}{subsection.3.3}% 112
\BOOKMARK [3][-]{subuccounter.51.2}{\376\377\000U\000C\0005\0001\000.\0002\000\040\000-\000\040\000I\000n\000s\000e\000r\000i\000m\000e\000n\000t\000o\000\040\000m\000e\000s\000s\000a\000g\000g\000i\000o\000\040\000t\000r\000a\000m\000i\000t\000e\000\040\000c\000o\000m\000a\000n\000d\000o\000\040\000v\000o\000c\000a\000l\000e}{subsection.3.3}% 113
\BOOKMARK [1][-]{section.4}{\376\377\000R\000e\000q\000u\000i\000s\000i\000t\000i}{}% 114
\BOOKMARK [2][-]{subsection.4.1}{\376\377\000R\000e\000q\000u\000i\000s\000i\000t\000i\000\040\000f\000u\000n\000z\000i\000o\000n\000a\000l\000i}{section.4}% 115
\BOOKMARK [2][-]{subsection.4.2}{\376\377\000R\000e\000q\000u\000i\000s\000i\000t\000i\000\040\000d\000i\000\040\000q\000u\000a\000l\000i\000t\000\340}{section.4}% 116
\BOOKMARK [2][-]{subsection.4.3}{\376\377\000R\000e\000q\000u\000i\000s\000i\000t\000i\000\040\000d\000i\000\040\000v\000i\000n\000c\000o\000l\000o}{section.4}% 117
\BOOKMARK [2][-]{subsection.4.4}{\376\377\000R\000i\000e\000p\000i\000l\000o\000g\000o}{section.4}% 118
